Netgen 1.5.282 compiled on Mon Oct 14 14:04:52 WIB 2024
Warning: netgen command 'format' use fully-qualified name '::netgen::format'
Warning: netgen command 'global' use fully-qualified name '::netgen::global'
Reading netlist file /home/b_hidayat/oscillator/ringosibasic.ext.spc
Call to undefined subcircuit sky130_fd_pr__nfet_01v8
Creating placeholder cell definition.
Call to undefined subcircuit sky130_fd_pr__pfet_01v8
Creating placeholder cell definition.
Reading netlist file /home/b_hidayat/oscillator/ringosibasic.sch.spc
Call to undefined subcircuit terbaru
Creating placeholder cell definition.
Call to undefined subcircuit sky130_fd_pr__nfet_01v8
Creating placeholder cell definition.
Call to undefined subcircuit sky130_fd_pr__pfet_01v8
Creating placeholder cell definition.

Reading setup file /home/b_hidayat/pdk/sky130A/libs.tech/netgen/sky130A_setup.tcl

Model sky130_fd_pr__nfet_01v8 pin 1 == 3
No property mult found for device sky130_fd_pr__nfet_01v8
No property sa found for device sky130_fd_pr__nfet_01v8
No property sb found for device sky130_fd_pr__nfet_01v8
No property sd found for device sky130_fd_pr__nfet_01v8
No property nf found for device sky130_fd_pr__nfet_01v8
No property nrd found for device sky130_fd_pr__nfet_01v8
No property nrs found for device sky130_fd_pr__nfet_01v8
No property area found for device sky130_fd_pr__nfet_01v8
No property perim found for device sky130_fd_pr__nfet_01v8
No property topography found for device sky130_fd_pr__nfet_01v8
Model sky130_fd_pr__nfet_01v8 pin 1 == 3
No property as found for device sky130_fd_pr__nfet_01v8
No property ad found for device sky130_fd_pr__nfet_01v8
No property ps found for device sky130_fd_pr__nfet_01v8
No property pd found for device sky130_fd_pr__nfet_01v8
No property mult found for device sky130_fd_pr__nfet_01v8
No property sa found for device sky130_fd_pr__nfet_01v8
No property sb found for device sky130_fd_pr__nfet_01v8
No property sd found for device sky130_fd_pr__nfet_01v8
No property nrd found for device sky130_fd_pr__nfet_01v8
No property nrs found for device sky130_fd_pr__nfet_01v8
No property area found for device sky130_fd_pr__nfet_01v8
No property perim found for device sky130_fd_pr__nfet_01v8
No property topography found for device sky130_fd_pr__nfet_01v8
Model sky130_fd_pr__pfet_01v8 pin 1 == 3
No property mult found for device sky130_fd_pr__pfet_01v8
No property sa found for device sky130_fd_pr__pfet_01v8
No property sb found for device sky130_fd_pr__pfet_01v8
No property sd found for device sky130_fd_pr__pfet_01v8
No property nf found for device sky130_fd_pr__pfet_01v8
No property nrd found for device sky130_fd_pr__pfet_01v8
No property nrs found for device sky130_fd_pr__pfet_01v8
No property area found for device sky130_fd_pr__pfet_01v8
No property perim found for device sky130_fd_pr__pfet_01v8
No property topography found for device sky130_fd_pr__pfet_01v8
Model sky130_fd_pr__pfet_01v8 pin 1 == 3
No property as found for device sky130_fd_pr__pfet_01v8
No property ad found for device sky130_fd_pr__pfet_01v8
No property ps found for device sky130_fd_pr__pfet_01v8
No property pd found for device sky130_fd_pr__pfet_01v8
No property mult found for device sky130_fd_pr__pfet_01v8
No property sa found for device sky130_fd_pr__pfet_01v8
No property sb found for device sky130_fd_pr__pfet_01v8
No property sd found for device sky130_fd_pr__pfet_01v8
No property nrd found for device sky130_fd_pr__pfet_01v8
No property nrs found for device sky130_fd_pr__pfet_01v8
No property area found for device sky130_fd_pr__pfet_01v8
No property perim found for device sky130_fd_pr__pfet_01v8
No property topography found for device sky130_fd_pr__pfet_01v8
Comparison output logged to file /home/b_hidayat/oscillator/ringosibasic.lvs.out
Logging to file "/home/b_hidayat/oscillator/ringosibasic.lvs.out" enabled
Circuit sky130_fd_pr__nfet_01v8 contains no devices.
Circuit sky130_fd_pr__pfet_01v8 contains no devices.

Contents of circuit 1:  Circuit: 'terbaru'
Circuit terbaru contains 2 device instances.
  Class: sky130_fd_pr__nfet_01v8 instances:   1
  Class: sky130_fd_pr__pfet_01v8 instances:   1
Circuit contains 4 nets, and 1 disconnected pin.
Contents of circuit 2:  Circuit: 'terbaru'
Circuit terbaru contains 2 device instances.
  Class: sky130_fd_pr__nfet_01v8 instances:   1
  Class: sky130_fd_pr__pfet_01v8 instances:   1
Circuit contains 4 nets.

Circuit 1 contains 2 devices, Circuit 2 contains 2 devices.
Circuit 1 contains 4 nets,    Circuit 2 contains 4 nets.

  Flattening non-matched subcircuits terbaru terbaru

Flattening instances of terbaru in file /home/b_hidayat/oscillator/ringosibasic.ext.spc
Flattening instances of terbaru in file /home/b_hidayat/oscillator/ringosibasic.sch.spc

Contents of circuit 1:  Circuit: 'ringosibasic'
Circuit ringosibasic contains 6 device instances.
  Class: sky130_fd_pr__nfet_01v8 instances:   3
  Class: sky130_fd_pr__pfet_01v8 instances:   3
Circuit contains 5 nets.
Contents of circuit 2:  Circuit: 'ringosibasic'
Circuit ringosibasic contains 6 device instances.
  Class: sky130_fd_pr__nfet_01v8 instances:   3
  Class: sky130_fd_pr__pfet_01v8 instances:   3
Circuit contains 8 nets.

Circuit 1 contains 6 devices, Circuit 2 contains 6 devices.
Circuit 1 contains 5 nets,    Circuit 2 contains 5 nets.


Final result: 
Circuits match uniquely.
.
Logging to file "/home/b_hidayat/oscillator/ringosibasic.lvs.out" disabled
LVS Done.
