
Circuit 1 cell sky130_fd_pr__nfet_01v8 and Circuit 2 cell sky130_fd_pr__nfet_01v8 are black boxes.
Warning: Equate pins:  cell sky130_fd_pr__nfet_01v8 is a placeholder, treated as a black box.
Warning: Equate pins:  cell sky130_fd_pr__nfet_01v8 is a placeholder, treated as a black box.

Subcircuit pins:
Circuit 1: sky130_fd_pr__nfet_01v8         |Circuit 2: sky130_fd_pr__nfet_01v8         
-------------------------------------------|-------------------------------------------
1                                          |1                                          
2                                          |2                                          
3                                          |3                                          
4                                          |4                                          
---------------------------------------------------------------------------------------
Cell pin lists are equivalent.
Device classes sky130_fd_pr__nfet_01v8 and sky130_fd_pr__nfet_01v8 are equivalent.
Flattening unmatched subcell sky130_fd_pr__nfet_01v8_U7AA6P in circuit nmoscs2 (0)(4 instances)
Flattening unmatched subcell sky130_fd_pr__nfet_01v8_TC9PLT in circuit nmoscs2 (0)(4 instances)

Class nmoscs2 (0):  Merged 8 parallel devices.
Subcircuit summary:
Circuit 1: nmoscs2                         |Circuit 2: nmoscs2                         
-------------------------------------------|-------------------------------------------
sky130_fd_pr__nfet_01v8 (12->4)            |sky130_fd_pr__nfet_01v8 (14->4)            
Number of devices: 4                       |Number of devices: 4                       
Number of nets: 3                          |Number of nets: 3                          
---------------------------------------------------------------------------------------
Netlists match uniquely with property errors.
sky130_fd_pr__nfet_01v8_U7AA6P_2/sky130_fd_pr__nfet_01v8:0 vs. sky130_fd_pr__nfet_01v8:M9:
 l circuit1: 1   circuit2: 0.8   (delta=22.2%, cutoff=1%)
 w circuit1: 2   circuit2: 1   (delta=66.7%, cutoff=1%)
sky130_fd_pr__nfet_01v8_TC9PLT_0/sky130_fd_pr__nfet_01v8:0 vs. sky130_fd_pr__nfet_01v8:M1:
 w circuit1: 2   circuit2: 1   (delta=66.7%, cutoff=1%)
sky130_fd_pr__nfet_01v8_U7AA6P_2/sky130_fd_pr__nfet_01v8:1 vs. sky130_fd_pr__nfet_01v8:M8:
 l circuit1: 1   circuit2: 0.8   (delta=22.2%, cutoff=1%)
 w circuit1: 2   circuit2: 1   (delta=66.7%, cutoff=1%)
sky130_fd_pr__nfet_01v8_TC9PLT_2/sky130_fd_pr__nfet_01v8:0 vs. sky130_fd_pr__nfet_01v8:M2:
 l circuit1: 0.15   circuit2: 0.8   (delta=137%, cutoff=1%)

Subcircuit pins:
Circuit 1: nmoscs2                         |Circuit 2: nmoscs2                         
-------------------------------------------|-------------------------------------------
D8                                         |D8                                         
GND                                        |GND                                        
D9                                         |D9                                         
---------------------------------------------------------------------------------------
Cell pin lists are equivalent.
Device classes nmoscs2 and nmoscs2 are equivalent.

Final result: Circuits match uniquely.
Property errors were found.

The following cells had property errors:
 nmoscs2
