Netgen 1.5.282 compiled on Mon Oct 14 14:04:52 WIB 2024
Warning: netgen command 'format' use fully-qualified name '::netgen::format'
Warning: netgen command 'global' use fully-qualified name '::netgen::global'
Reading netlist file /home/b_hidayat/opamp/mag/nmoscs2.ext.spc
Call to undefined subcircuit sky130_fd_pr__nfet_01v8
Creating placeholder cell definition.
Reading netlist file /home/b_hidayat/opamp/mag/nmoscs2.sch.spc
Call to undefined subcircuit sky130_fd_pr__nfet_01v8
Creating placeholder cell definition.

Reading setup file /home/b_hidayat/pdk/sky130A/libs.tech/netgen/sky130A_setup.tcl

Model sky130_fd_pr__nfet_01v8 pin 1 == 3
No property mult found for device sky130_fd_pr__nfet_01v8
No property sa found for device sky130_fd_pr__nfet_01v8
No property sb found for device sky130_fd_pr__nfet_01v8
No property sd found for device sky130_fd_pr__nfet_01v8
No property nf found for device sky130_fd_pr__nfet_01v8
No property nrd found for device sky130_fd_pr__nfet_01v8
No property nrs found for device sky130_fd_pr__nfet_01v8
No property area found for device sky130_fd_pr__nfet_01v8
No property perim found for device sky130_fd_pr__nfet_01v8
No property topography found for device sky130_fd_pr__nfet_01v8
Model sky130_fd_pr__nfet_01v8 pin 1 == 3
No property as found for device sky130_fd_pr__nfet_01v8
No property ad found for device sky130_fd_pr__nfet_01v8
No property ps found for device sky130_fd_pr__nfet_01v8
No property pd found for device sky130_fd_pr__nfet_01v8
No property mult found for device sky130_fd_pr__nfet_01v8
No property sa found for device sky130_fd_pr__nfet_01v8
No property sb found for device sky130_fd_pr__nfet_01v8
No property sd found for device sky130_fd_pr__nfet_01v8
No property nrd found for device sky130_fd_pr__nfet_01v8
No property nrs found for device sky130_fd_pr__nfet_01v8
No property area found for device sky130_fd_pr__nfet_01v8
No property perim found for device sky130_fd_pr__nfet_01v8
No property topography found for device sky130_fd_pr__nfet_01v8
Comparison output logged to file /home/b_hidayat/opamp/mag/nmoscs2.lvs.out
Logging to file "/home/b_hidayat/opamp/mag/nmoscs2.lvs.out" enabled
Circuit sky130_fd_pr__nfet_01v8 contains no devices.

Contents of circuit 1:  Circuit: 'nmoscs2'
Circuit nmoscs2 contains 12 device instances.
  Class: sky130_fd_pr__nfet_01v8 instances:  12
Circuit contains 3 nets.
Contents of circuit 2:  Circuit: 'nmoscs2'
Circuit nmoscs2 contains 4 device instances.
  Class: sky130_fd_pr__nfet_01v8 instances:   4
Circuit contains 3 nets.

Circuit was modified by parallel/series device merging.
New circuit summary:

Contents of circuit 1:  Circuit: 'nmoscs2'
Circuit nmoscs2 contains 4 device instances.
  Class: sky130_fd_pr__nfet_01v8 instances:   4
Circuit contains 3 nets.
Contents of circuit 2:  Circuit: 'nmoscs2'
Circuit nmoscs2 contains 4 device instances.
  Class: sky130_fd_pr__nfet_01v8 instances:   4
Circuit contains 3 nets.

Circuit 1 contains 4 devices, Circuit 2 contains 4 devices.
Circuit 1 contains 3 nets,    Circuit 2 contains 3 nets.


Final result: 
Circuits match uniquely.
Property errors were found.

The following cells had property errors:
 nmoscs2

Logging to file "/home/b_hidayat/opamp/mag/nmoscs2.lvs.out" disabled
LVS Done.
