
Circuit 1 cell sky130_fd_pr__pfet_01v8 and Circuit 2 cell sky130_fd_pr__pfet_01v8 are black boxes.
Warning: Equate pins:  cell sky130_fd_pr__pfet_01v8 is a placeholder, treated as a black box.
Warning: Equate pins:  cell sky130_fd_pr__pfet_01v8 is a placeholder, treated as a black box.

Subcircuit pins:
Circuit 1: sky130_fd_pr__pfet_01v8         |Circuit 2: sky130_fd_pr__pfet_01v8         
-------------------------------------------|-------------------------------------------
1                                          |1                                          
2                                          |2                                          
3                                          |3                                          
4                                          |4                                          
---------------------------------------------------------------------------------------
Cell pin lists are equivalent.
Device classes sky130_fd_pr__pfet_01v8 and sky130_fd_pr__pfet_01v8 are equivalent.
Flattening unmatched subcell sky130_fd_pr__pfet_01v8_S56997 in circuit pmosdif (0)(8 instances)
Flattening unmatched subcell sky130_fd_pr__pfet_01v8_L4T9AL in circuit pmosdif (0)(2 instances)
Flattening unmatched subcell sky130_fd_pr__pfet_01v8_M4T9AN in circuit pmosdif (0)(2 instances)

Class pmosdif (0):  Merged 8 parallel devices.
Subcircuit summary:
Circuit 1: pmosdif                         |Circuit 2: pmosdif                         
-------------------------------------------|-------------------------------------------
sky130_fd_pr__pfet_01v8 (12->4)            |sky130_fd_pr__pfet_01v8 (12->4)            
Number of devices: 4                       |Number of devices: 4                       
Number of nets: 6                          |Number of nets: 6                          
---------------------------------------------------------------------------------------
Resolving symmetries by property value.
Resolving symmetries by pin name.
Netlists match uniquely with property errors.
sky130_fd_pr__pfet_01v8_S56997_4/sky130_fd_pr__pfet_01v8:0 vs. sky130_fd_pr__pfet_01v8:M6:
 l circuit1: 1   circuit2: 0.5   (delta=66.7%, cutoff=1%)
 w circuit1: 2   circuit2: 1   (delta=66.7%, cutoff=1%)
sky130_fd_pr__pfet_01v8_S56997_2/sky130_fd_pr__pfet_01v8:0 vs. sky130_fd_pr__pfet_01v8:M7:
 l circuit1: 1   circuit2: 0.5   (delta=66.7%, cutoff=1%)
 w circuit1: 2   circuit2: 1   (delta=66.7%, cutoff=1%)
sky130_fd_pr__pfet_01v8_L4T9AL_0/sky130_fd_pr__pfet_01v8:0 vs. sky130_fd_pr__pfet_01v8:M1:
 w circuit1: 2   circuit2: 1   (delta=66.7%, cutoff=1%)
sky130_fd_pr__pfet_01v8_M4T9AN_0/sky130_fd_pr__pfet_01v8:0 vs. sky130_fd_pr__pfet_01v8:M2:
 w circuit1: 2   circuit2: 1   (delta=66.7%, cutoff=1%)

Subcircuit pins:
Circuit 1: pmosdif                         |Circuit 2: pmosdif                         
-------------------------------------------|-------------------------------------------
S                                          |S                                          
VDD                                        |VDD                                        
D6                                         |D6                                         
D7                                         |D7                                         
VIN                                        |VIN                                        
VIP                                        |VIP                                        
---------------------------------------------------------------------------------------
Cell pin lists are equivalent.
Device classes pmosdif and pmosdif are equivalent.

Final result: Circuits match uniquely.
Property errors were found.

The following cells had property errors:
 pmosdif
